fm_matrix_rows:3000; fm_matrix_columns:671;
Singular vector:
3.581982e+00
3.301902e+00
3.088977e+00
2.800402e+00
2.658036e+00
2.504057e+00
2.444155e+00
2.361847e+00
2.280526e+00
2.233368e+00
2.219997e+00
2.178416e+00
2.149643e+00
2.104548e+00
2.079862e+00
2.066575e+00
2.060092e+00
2.041000e+00
2.007944e+00
1.999564e+00
1.986749e+00
1.981958e+00
1.978737e+00
1.964594e+00
1.938528e+00
1.935335e+00
1.932640e+00
1.922180e+00
1.913984e+00
1.909651e+00
1.907302e+00
1.900994e+00
1.893177e+00
1.890172e+00
1.882444e+00
1.877255e+00
1.873122e+00
1.865445e+00
1.860869e+00
1.857649e+00
1.854865e+00
1.852118e+00
1.847904e+00
1.839788e+00
1.834035e+00
1.830810e+00
1.830132e+00
1.825958e+00
1.823071e+00
1.817331e+00
1.811070e+00
1.806882e+00
1.805521e+00
1.803988e+00
1.801556e+00
1.797985e+00
1.792711e+00
1.790166e+00
1.786002e+00
1.781535e+00
1.777621e+00
1.770777e+00
1.768939e+00
1.763526e+00
1.758279e+00
1.756831e+00
1.755424e+00
1.746361e+00
1.745762e+00
1.743193e+00
1.736598e+00
1.735134e+00
1.732311e+00
1.727214e+00
1.726006e+00
1.719191e+00
1.715731e+00
1.713512e+00
1.710263e+00
1.706699e+00
1.701833e+00
1.699816e+00
1.696161e+00
1.688045e+00
1.685675e+00
1.680319e+00
1.678002e+00
1.675466e+00
1.671045e+00
1.663197e+00
1.663142e+00
1.657453e+00
1.653208e+00
1.647760e+00
1.646306e+00
1.639750e+00
1.637227e+00
1.634404e+00
1.626841e+00
1.625417e+00
1.623995e+00
1.613867e+00
1.610634e+00
1.608111e+00
1.605265e+00
1.596804e+00
1.594471e+00
1.589812e+00
1.585946e+00
1.580242e+00
1.576725e+00
1.573683e+00
1.566505e+00
1.563753e+00
1.555128e+00
1.546196e+00
1.544204e+00
1.540299e+00
1.537844e+00
1.533694e+00
1.528585e+00
1.521517e+00
1.518940e+00
1.513320e+00
1.509440e+00
1.503883e+00
1.503403e+00
1.493007e+00
1.490553e+00
1.486372e+00
1.480047e+00
1.479555e+00
1.474347e+00
1.465888e+00
1.462612e+00
1.458425e+00
1.453911e+00
1.442819e+00
1.440593e+00
1.433866e+00
1.427675e+00
1.421545e+00
1.419169e+00
1.416727e+00
1.411772e+00
1.408461e+00
1.401362e+00
1.400936e+00
1.393592e+00
1.386329e+00
1.381025e+00
1.375889e+00
1.370320e+00
1.362992e+00
1.358312e+00
1.354503e+00
1.351658e+00
1.345481e+00
1.342898e+00
1.338247e+00
1.333594e+00
1.326821e+00
1.325215e+00
1.318872e+00
1.315239e+00
1.308098e+00
1.304880e+00
1.294106e+00
1.288223e+00
1.283473e+00
1.279754e+00
1.271897e+00
1.267909e+00
1.261996e+00
1.251712e+00
1.243022e+00
1.239813e+00
1.231930e+00
1.229770e+00
1.224950e+00
1.219473e+00
1.218133e+00
1.212857e+00
1.205680e+00
1.203549e+00
1.198957e+00
1.191395e+00
1.185159e+00
1.180460e+00
1.173006e+00
1.170232e+00
1.161544e+00
1.154828e+00
1.146371e+00
1.142490e+00
1.136730e+00
1.133460e+00
1.119976e+00
1.117237e+00
1.114443e+00
1.109444e+00
1.103564e+00
1.100127e+00
1.096063e+00
1.092945e+00
1.085972e+00
1.078581e+00
1.075018e+00
1.070879e+00
1.064540e+00
1.058468e+00
1.051620e+00
1.049675e+00
1.046834e+00
1.042265e+00
1.036914e+00
1.032935e+00
1.028076e+00
1.026856e+00
1.021271e+00
1.017202e+00
1.009970e+00
1.005306e+00
9.984268e-01
9.896944e-01
9.837304e-01
9.807310e-01
9.785106e-01
9.707535e-01
9.667069e-01
9.618996e-01
9.598852e-01
9.525039e-01
9.489025e-01
9.464370e-01
9.435959e-01
9.365617e-01
9.318816e-01
9.250221e-01
9.162844e-01
9.161217e-01
9.111786e-01
9.031830e-01
8.972806e-01
8.947407e-01
8.914699e-01
8.849953e-01
8.811167e-01
8.783498e-01
8.684853e-01
8.666648e-01
8.600332e-01
8.592927e-01
8.479880e-01
8.427434e-01
8.398802e-01
8.367206e-01
8.311168e-01
8.280343e-01
8.247483e-01
8.116997e-01
8.034558e-01
7.999923e-01
7.923995e-01
7.873541e-01
7.853720e-01
7.822115e-01
7.777867e-01
7.721083e-01
7.653501e-01
7.545543e-01
7.534539e-01
7.486467e-01
7.437781e-01
7.410637e-01
7.378982e-01
7.347374e-01
7.264389e-01
7.236183e-01
7.199104e-01
7.155355e-01
7.077829e-01
7.034720e-01
6.942637e-01
6.908000e-01
6.858991e-01
6.852017e-01
6.788249e-01
6.747338e-01
6.708974e-01
6.636397e-01
6.588453e-01
6.563475e-01
6.505046e-01
6.462645e-01
6.392101e-01
6.341121e-01
6.300311e-01
6.257213e-01
6.213448e-01
6.190638e-01
6.145618e-01
6.129988e-01
6.061253e-01
5.979483e-01
5.953921e-01
5.916119e-01
5.875271e-01
5.839539e-01
5.752635e-01
5.722725e-01
5.673338e-01
5.616788e-01
5.576489e-01
5.563927e-01
5.506986e-01
5.492292e-01
5.458877e-01
5.412575e-01
5.353091e-01
5.327089e-01
5.280799e-01
5.226911e-01
5.202720e-01
5.166250e-01
5.144934e-01
5.132239e-01
5.040688e-01
5.011221e-01
4.972775e-01
4.936026e-01
4.902041e-01
4.866349e-01
4.810645e-01
4.778867e-01
4.743720e-01
4.693700e-01
4.668477e-01
4.616849e-01
4.551098e-01
4.543654e-01
4.484943e-01
4.447334e-01
4.425746e-01
4.400398e-01
4.350339e-01
4.323465e-01
4.294353e-01
4.246792e-01
4.226661e-01
4.210183e-01
4.130342e-01
4.101349e-01
4.073317e-01
4.057349e-01
4.053528e-01
3.991982e-01
3.962794e-01
3.924520e-01
3.828450e-01
3.812440e-01
3.807996e-01
3.778010e-01
3.771004e-01
3.722076e-01
3.694584e-01
3.649381e-01
3.591018e-01
3.546660e-01
3.521206e-01
3.511892e-01
3.480225e-01
3.435598e-01
3.404587e-01
3.375691e-01
3.329800e-01
3.293602e-01
3.272372e-01
3.225284e-01
3.210985e-01
3.199288e-01
3.185701e-01
3.146262e-01
3.100708e-01
3.062422e-01
3.040068e-01
2.993845e-01
2.982172e-01
2.955405e-01
2.928168e-01
2.892472e-01
2.880773e-01
2.815753e-01
2.799554e-01
2.796614e-01
2.777077e-01
2.738415e-01
2.724994e-01
2.698326e-01
2.673919e-01
2.659616e-01
2.615017e-01
2.580364e-01
2.572793e-01
2.544639e-01
2.532765e-01
2.511574e-01
2.491253e-01
2.478197e-01
2.418947e-01
2.388985e-01
2.379657e-01
2.356039e-01
2.326389e-01
2.310580e-01
2.303059e-01
2.258597e-01
2.248076e-01
2.226219e-01
2.182360e-01
2.164831e-01
2.156068e-01
2.123263e-01
2.093986e-01
2.082967e-01
2.059357e-01
2.048587e-01
2.024646e-01
1.971566e-01
1.968147e-01
1.953516e-01
1.931602e-01
1.925913e-01
1.893225e-01
1.883584e-01
1.866551e-01
1.829994e-01
1.806749e-01
1.786487e-01
1.780908e-01
1.742662e-01
1.703790e-01
1.691782e-01
1.678958e-01
1.658698e-01
1.654079e-01
1.633100e-01
1.616763e-01
1.614883e-01
1.579411e-01
1.567870e-01
1.548039e-01
1.534439e-01
1.529883e-01
1.480904e-01
1.463935e-01
1.459963e-01
1.433060e-01
1.416945e-01
1.400453e-01
1.395398e-01
1.379425e-01
1.372673e-01
1.364131e-01
1.336928e-01
1.328278e-01
1.309038e-01
1.298759e-01
1.291890e-01
1.280952e-01
1.261436e-01
1.239071e-01
1.231630e-01
1.212494e-01
1.207245e-01
1.188644e-01
1.163578e-01
1.162366e-01
1.146365e-01
1.133219e-01
1.112452e-01
1.095471e-01
1.084410e-01
1.074397e-01
1.068548e-01
1.049205e-01
1.041893e-01
1.023836e-01
1.015783e-01
1.000068e-01
9.967776e-02
9.809825e-02
9.625283e-02
9.533631e-02
9.470724e-02
9.333502e-02
9.264932e-02
9.192246e-02
9.070921e-02
8.967005e-02
8.864387e-02
8.797698e-02
8.492135e-02
8.449230e-02
8.379306e-02
8.250150e-02
8.062864e-02
8.005401e-02
7.910427e-02
7.837235e-02
7.694037e-02
7.643407e-02
7.623996e-02
7.405983e-02
7.314121e-02
7.254481e-02
7.243754e-02
7.138770e-02
6.991066e-02
6.791172e-02
6.769580e-02
6.727036e-02
6.661110e-02
6.609395e-02
6.506353e-02
6.401183e-02
6.304594e-02
6.210887e-02
6.181016e-02
6.070560e-02
6.010341e-02
5.964002e-02
5.794500e-02
5.775400e-02
5.710830e-02
5.630545e-02
5.545878e-02
5.469478e-02
5.464763e-02
5.336654e-02
5.289749e-02
5.255734e-02
5.207003e-02
5.097778e-02
4.979434e-02
4.931512e-02
4.890055e-02
4.855146e-02
4.786865e-02
4.767047e-02
4.681189e-02
4.562610e-02
4.543430e-02
4.393578e-02
4.369700e-02
4.304202e-02
4.277663e-02
4.180638e-02
4.159525e-02
4.134120e-02
4.046663e-02
4.019601e-02
3.968459e-02
3.875653e-02
3.832461e-02
3.817801e-02
3.786839e-02
3.732590e-02
3.665094e-02
3.608867e-02
3.588241e-02
3.565602e-02
3.532318e-02
3.472776e-02
3.442818e-02
3.420856e-02
3.331008e-02
3.307551e-02
3.270049e-02
3.242757e-02
3.220544e-02
3.126083e-02
3.058863e-02
3.041895e-02
3.014896e-02
2.989504e-02
2.959510e-02
2.913308e-02
2.895923e-02
2.798213e-02
2.779022e-02
2.742130e-02
2.738356e-02
2.686756e-02
2.661353e-02
2.611111e-02
2.534152e-02
2.515647e-02
2.514993e-02
2.493976e-02
2.464599e-02
2.452247e-02
2.400856e-02
2.378506e-02
2.326793e-02
2.304835e-02
2.299684e-02
2.269557e-02
2.224508e-02
2.205105e-02
2.194620e-02
2.175465e-02
2.139389e-02
2.131607e-02
2.096256e-02
2.074365e-02
2.066661e-02
2.036814e-02
2.021115e-02
2.003466e-02
1.989087e-02
1.957019e-02
1.953831e-02
1.929677e-02
1.920958e-02
1.907347e-02
1.897944e-02
1.883522e-02
1.863865e-02
1.855134e-02
1.832946e-02
1.819966e-02
1.813881e-02
1.795810e-02
1.792247e-02
1.785702e-02
1.760059e-02
1.755483e-02
1.749200e-02
1.736395e-02
1.729554e-02
1.718360e-02
1.714632e-02
1.711541e-02
1.700029e-02
1.696087e-02
1.687774e-02
1.674847e-02
1.657603e-02
1.643896e-02
1.642085e-02
1.627547e-02
1.613219e-02
1.579645e-02
1.402262e-02
1.254473e-02
8.447781e-03
6.744812e-03
4.020538e-03
2.894290e-03
7.605711e-04
6.327984e-04
6.253022e-04
5.887210e-04
2.971171e-04
1.589933e-05
2.137746e-08
1.272581e-14
2.340457e-16
2.340457e-16
3.130182e-17
