fm_matrix_rows:3000; fm_matrix_columns:48;
Singular vector:
2.635504e+00
2.480179e+00
2.149739e+00
2.014006e+00
1.772595e+00
1.763108e+00
1.651467e+00
1.622024e+00
1.401738e+00
1.383118e+00
1.254374e+00
1.235487e+00
1.152341e+00
1.066603e+00
1.037900e+00
8.727704e-01
7.624588e-01
7.348512e-01
7.182419e-01
5.772392e-01
5.513315e-01
5.355815e-01
3.956359e-01
3.621207e-01
3.529808e-01
3.304833e-01
2.268626e-01
2.140041e-01
2.127890e-01
2.036875e-01
1.375962e-01
1.188962e-01
1.121601e-01
7.610398e-02
7.242675e-02
6.811217e-02
4.146830e-02
3.917950e-02
3.844666e-02
1.779600e-02
1.685472e-02
1.584135e-02
1.132932e-02
1.081049e-02
1.077791e-02
4.024662e-05
3.876184e-05
3.247062e-05
