fm_matrix_rows:3000; fm_matrix_columns:179;
Singular vector:
2.903315e+00
2.671650e+00
2.330168e+00
2.159998e+00
2.123944e+00
2.023227e+00
1.965144e+00
1.937656e+00
1.935223e+00
1.915887e+00
1.907479e+00
1.886066e+00
1.871534e+00
1.869132e+00
1.847428e+00
1.837456e+00
1.812058e+00
1.797748e+00
1.774983e+00
1.754730e+00
1.742833e+00
1.728007e+00
1.716176e+00
1.705129e+00
1.693318e+00
1.677688e+00
1.671725e+00
1.635963e+00
1.611701e+00
1.594748e+00
1.559012e+00
1.529888e+00
1.519914e+00
1.510993e+00
1.506362e+00
1.496322e+00
1.476525e+00
1.426969e+00
1.415718e+00
1.369582e+00
1.354733e+00
1.328969e+00
1.310708e+00
1.309019e+00
1.286995e+00
1.264432e+00
1.237969e+00
1.222927e+00
1.205094e+00
1.172203e+00
1.152448e+00
1.139633e+00
1.110132e+00
1.091848e+00
1.066247e+00
1.047865e+00
1.035561e+00
9.934879e-01
9.787724e-01
9.661023e-01
9.383270e-01
9.253782e-01
9.137072e-01
8.772413e-01
8.646685e-01
8.498664e-01
8.375749e-01
8.085211e-01
7.934363e-01
7.687645e-01
7.541319e-01
7.271822e-01
7.098366e-01
6.875904e-01
6.760520e-01
6.584854e-01
6.496105e-01
6.268126e-01
6.171847e-01
5.990219e-01
5.914391e-01
5.692851e-01
5.502566e-01
5.372049e-01
5.263255e-01
4.985924e-01
4.968638e-01
4.658608e-01
4.641490e-01
4.486069e-01
4.191259e-01
4.175627e-01
4.012825e-01
3.939422e-01
3.802135e-01
3.712119e-01
3.592536e-01
3.547912e-01
3.332635e-01
3.303307e-01
3.225886e-01
3.102916e-01
2.902418e-01
2.898917e-01
2.719772e-01
2.680325e-01
2.512978e-01
2.499756e-01
2.464326e-01
2.331757e-01
2.231313e-01
2.158748e-01
2.129734e-01
2.046690e-01
2.009695e-01
1.825526e-01
1.810553e-01
1.795965e-01
1.682708e-01
1.640454e-01
1.606374e-01
1.563905e-01
1.522488e-01
1.429932e-01
1.399226e-01
1.389188e-01
1.345602e-01
1.252067e-01
1.183368e-01
1.163762e-01
1.064862e-01
1.049435e-01
9.934529e-02
9.472423e-02
8.994221e-02
8.805694e-02
7.917180e-02
7.786660e-02
7.596697e-02
7.093334e-02
6.751532e-02
6.350106e-02
6.302467e-02
5.870803e-02
5.586215e-02
5.170899e-02
5.054215e-02
4.901423e-02
4.467251e-02
4.242075e-02
4.165060e-02
3.774424e-02
3.742312e-02
3.582616e-02
3.344051e-02
3.216208e-02
3.006294e-02
2.853161e-02
2.825066e-02
2.616280e-02
2.495194e-02
2.420253e-02
2.328336e-02
2.262669e-02
2.174002e-02
2.071252e-02
2.025987e-02
1.959705e-02
1.878345e-02
1.836763e-02
1.811592e-02
1.777848e-02
1.764236e-02
1.734357e-02
1.423154e-02
2.132631e-03
6.793770e-04
9.257387e-06
2.224185e-16
