fm_matrix_rows:1500; fm_matrix_columns:95;
Singular vector:
6.189821e+00
1.933707e+00
1.643444e+00
1.599742e+00
1.374216e+00
1.240892e+00
1.197737e+00
1.163211e+00
1.123060e+00
1.119885e+00
1.079988e+00
1.064132e+00
1.049307e+00
1.040203e+00
1.036312e+00
1.023436e+00
1.020510e+00
1.009433e+00
1.005238e+00
1.001954e+00
1.000000e+00
1.000000e+00
1.000000e+00
1.000000e+00
1.000000e+00
1.000000e+00
1.000000e+00
1.000000e+00
1.000000e+00
1.000000e+00
1.000000e+00
1.000000e+00
1.000000e+00
1.000000e+00
1.000000e+00
1.000000e+00
1.000000e+00
1.000000e+00
1.000000e+00
1.000000e+00
1.000000e+00
1.000000e+00
1.000000e+00
1.000000e+00
1.000000e+00
1.000000e+00
1.000000e+00
1.000000e+00
1.000000e+00
1.000000e+00
1.000000e+00
1.000000e+00
1.000000e+00
1.000000e+00
1.000000e+00
1.000000e+00
1.000000e+00
1.000000e+00
1.000000e+00
1.000000e+00
1.000000e+00
1.000000e+00
1.000000e+00
1.000000e+00
1.000000e+00
1.000000e+00
1.000000e+00
1.000000e+00
1.000000e+00
1.000000e+00
1.000000e+00
1.000000e+00
1.000000e+00
1.000000e+00
1.000000e+00
1.000000e+00
1.000000e+00
1.000000e+00
1.000000e+00
1.000000e+00
9.994918e-01
9.976154e-01
9.946395e-01
9.927327e-01
9.781993e-01
9.706398e-01
9.676048e-01
9.569524e-01
9.534625e-01
9.269563e-01
9.090888e-01
9.055538e-01
8.872539e-01
8.640714e-01
5.394937e-01
