fm_matrix_rows:699; fm_matrix_columns:222;
Singular vector:
3.309226e+00
2.862977e+00
2.337133e+00
2.077714e+00
1.957284e+00
1.674306e+00
1.665235e+00
1.651112e+00
1.636156e+00
1.628057e+00
1.625038e+00
1.615564e+00
1.612968e+00
1.609090e+00
1.604366e+00
1.598846e+00
1.593697e+00
1.587781e+00
1.581016e+00
1.573493e+00
1.567306e+00
1.558078e+00
1.546445e+00
1.539272e+00
1.527658e+00
1.519626e+00
1.514809e+00
1.505604e+00
1.486648e+00
1.485076e+00
1.475389e+00
1.472218e+00
1.454988e+00
1.444173e+00
1.430535e+00
1.415664e+00
1.410108e+00
1.406592e+00
1.393441e+00
1.382581e+00
1.373080e+00
1.358188e+00
1.348049e+00
1.338986e+00
1.322277e+00
1.310584e+00
1.290514e+00
1.284262e+00
1.261075e+00
1.258456e+00
1.231899e+00
1.221178e+00
1.196959e+00
1.189236e+00
1.182599e+00
1.167157e+00
1.158014e+00
1.136551e+00
1.123943e+00
1.102998e+00
1.089163e+00
1.069670e+00
1.059470e+00
1.056994e+00
1.030630e+00
1.018514e+00
9.983301e-01
9.811555e-01
9.682298e-01
9.491173e-01
9.416048e-01
9.260463e-01
9.211568e-01
9.059076e-01
8.892812e-01
8.788064e-01
8.673143e-01
8.574298e-01
8.389319e-01
8.224885e-01
8.120923e-01
7.865854e-01
7.765925e-01
7.588203e-01
7.508265e-01
7.339650e-01
7.246125e-01
7.113726e-01
6.915746e-01
6.808064e-01
6.595819e-01
6.492602e-01
6.304737e-01
6.225900e-01
6.101614e-01
5.971595e-01
5.910195e-01
5.821266e-01
5.714044e-01
5.510822e-01
5.389361e-01
5.246267e-01
5.152673e-01
5.093637e-01
4.994611e-01
4.876476e-01
4.830068e-01
4.616723e-01
4.554716e-01
4.386755e-01
4.360105e-01
4.243844e-01
4.053664e-01
4.025177e-01
3.870925e-01
3.722053e-01
3.704919e-01
3.618057e-01
3.527249e-01
3.364448e-01
3.263404e-01
3.240913e-01
3.124491e-01
3.032229e-01
2.957436e-01
2.920196e-01
2.789838e-01
2.695162e-01
2.632736e-01
2.619117e-01
2.491920e-01
2.449947e-01
2.389839e-01
2.339696e-01
2.285551e-01
2.223763e-01
2.177571e-01
2.156735e-01
2.091669e-01
2.077299e-01
2.035717e-01
2.003816e-01
1.984081e-01
1.949479e-01
1.897110e-01
1.889199e-01
1.741264e-01
1.711703e-01
1.552433e-01
1.495544e-01
1.408418e-01
1.371612e-01
1.297665e-01
1.190727e-01
1.081258e-01
1.004234e-01
9.027625e-02
7.435391e-02
7.084041e-02
6.925124e-02
6.310514e-02
5.554008e-02
5.207517e-02
4.617666e-02
3.802413e-02
3.622987e-02
3.449819e-02
2.858339e-02
2.672665e-02
2.276335e-02
2.121857e-02
1.893437e-02
1.274594e-02
7.172278e-03
4.393208e-03
2.245682e-03
1.229731e-03
9.709119e-04
1.965636e-04
5.165485e-06
3.920253e-14
1.175673e-14
9.593162e-16
9.270052e-16
8.822297e-16
8.410392e-16
8.230403e-16
7.980980e-16
7.667104e-16
7.581156e-16
6.898694e-16
6.508437e-16
6.093543e-16
5.363848e-16
5.100967e-16
4.614506e-16
4.549322e-16
4.226840e-16
3.699428e-16
3.489669e-16
3.348412e-16
3.098739e-16
2.996146e-16
2.847397e-16
2.847397e-16
2.847397e-16
2.847397e-16
2.847397e-16
2.847397e-16
2.847397e-16
2.847397e-16
2.847397e-16
2.847397e-16
2.847397e-16
2.847397e-16
2.847397e-16
2.586426e-16
1.964580e-16
1.756996e-16
1.342932e-16
8.208703e-17
3.702177e-17
