fm_matrix_rows:1500; fm_matrix_columns:308;
Singular vector:
5.880830e+00
3.886005e+00
3.606350e+00
3.535921e+00
3.389907e+00
3.359503e+00
3.236011e+00
3.167981e+00
3.097406e+00
3.069716e+00
3.037965e+00
3.013460e+00
2.978204e+00
2.934267e+00
2.925790e+00
2.910568e+00
2.895624e+00
2.884055e+00
2.867082e+00
2.853967e+00
2.839826e+00
2.823601e+00
2.816367e+00
2.803982e+00
2.797747e+00
2.782179e+00
2.770741e+00
2.761099e+00
2.744087e+00
2.738481e+00
2.712398e+00
2.706263e+00
2.698517e+00
2.681879e+00
2.670457e+00
2.665743e+00
2.657806e+00
2.651007e+00
2.635952e+00
2.630587e+00
2.617476e+00
2.606681e+00
2.588543e+00
2.581368e+00
2.567043e+00
2.550840e+00
2.536482e+00
2.526371e+00
2.519852e+00
2.511603e+00
2.499162e+00
2.492805e+00
2.485387e+00
2.468468e+00
2.458956e+00
2.450662e+00
2.443063e+00
2.423248e+00
2.418702e+00
2.400303e+00
2.388909e+00
2.382247e+00
2.370771e+00
2.347991e+00
2.333041e+00
2.327624e+00
2.302989e+00
2.301501e+00
2.296295e+00
2.278118e+00
2.272669e+00
2.267608e+00
2.261020e+00
2.258680e+00
2.242218e+00
2.234627e+00
2.211356e+00
2.192714e+00
2.187902e+00
2.176650e+00
2.169399e+00
2.141036e+00
2.136895e+00
2.129738e+00
2.120109e+00
2.114642e+00
2.095157e+00
2.093019e+00
2.067821e+00
2.060015e+00
2.039448e+00
2.031421e+00
2.025981e+00
2.008545e+00
1.987375e+00
1.982133e+00
1.973726e+00
1.956169e+00
1.953157e+00
1.930990e+00
1.917540e+00
1.911649e+00
1.896496e+00
1.890207e+00
1.871172e+00
1.866202e+00
1.856165e+00
1.849020e+00
1.830781e+00
1.821196e+00
1.810579e+00
1.799776e+00
1.780194e+00
1.765988e+00
1.757825e+00
1.753009e+00
1.747409e+00
1.743962e+00
1.729862e+00
1.711476e+00
1.698642e+00
1.689784e+00
1.676260e+00
1.667860e+00
1.651988e+00
1.648580e+00
1.646728e+00
1.627352e+00
1.611078e+00
1.603030e+00
1.590597e+00
1.589689e+00
1.579188e+00
1.572621e+00
1.562310e+00
1.550979e+00
1.531074e+00
1.530300e+00
1.527724e+00
1.507863e+00
1.503857e+00
1.500080e+00
1.487356e+00
1.478751e+00
1.469897e+00
1.462073e+00
1.457739e+00
1.450640e+00
1.443378e+00
1.432084e+00
1.426162e+00
1.422592e+00
1.409092e+00
1.406286e+00
1.398987e+00
1.388412e+00
1.385662e+00
1.370782e+00
1.361469e+00
1.357247e+00
1.355329e+00
1.341940e+00
1.338803e+00
1.335776e+00
1.334699e+00
1.321117e+00
1.318208e+00
1.312026e+00
1.303775e+00
1.295987e+00
1.290354e+00
1.280710e+00
1.275933e+00
1.269142e+00
1.263650e+00
1.256326e+00
1.254593e+00
1.249194e+00
1.241411e+00
1.237622e+00
1.236517e+00
1.234088e+00
1.222565e+00
1.218371e+00
1.211380e+00
1.209343e+00
1.202446e+00
1.201163e+00
1.191919e+00
1.189969e+00
1.183291e+00
1.175625e+00
1.174119e+00
1.171313e+00
1.169223e+00
1.166969e+00
1.165077e+00
1.158710e+00
1.153086e+00
1.152381e+00
1.149579e+00
1.145273e+00
1.142407e+00
1.139853e+00
1.134964e+00
1.127289e+00
1.126160e+00
1.124347e+00
1.120653e+00
1.117345e+00
1.113803e+00
1.110411e+00
1.107859e+00
1.106728e+00
1.104241e+00
1.100702e+00
1.098752e+00
1.097220e+00
1.096068e+00
1.094572e+00
1.087716e+00
1.086352e+00
1.083174e+00
1.080127e+00
1.078043e+00
1.076647e+00
1.074697e+00
1.073505e+00
1.072005e+00
1.070271e+00
1.068705e+00
1.066741e+00
1.064669e+00
1.063492e+00
1.061066e+00
1.057783e+00
1.056709e+00
1.056225e+00
1.053770e+00
1.052165e+00
1.050836e+00
1.049642e+00
1.047235e+00
1.046174e+00
1.045822e+00
1.043828e+00
1.042684e+00
1.040617e+00
1.039394e+00
1.038271e+00
1.036910e+00
1.036185e+00
1.035525e+00
1.034098e+00
1.033340e+00
1.032741e+00
1.030660e+00
1.029498e+00
1.029210e+00
1.028673e+00
1.027635e+00
1.026947e+00
1.026446e+00
1.025132e+00
1.025109e+00
1.023844e+00
1.023549e+00
1.023171e+00
1.022633e+00
1.021875e+00
1.021847e+00
1.021140e+00
1.021074e+00
1.020313e+00
1.019667e+00
1.019097e+00
1.018933e+00
1.018731e+00
1.018493e+00
1.018144e+00
1.017810e+00
1.017543e+00
1.017404e+00
1.016143e+00
1.015917e+00
1.014397e+00
1.014262e+00
1.013850e+00
1.012082e+00
1.010601e+00
1.004037e+00
1.002950e+00
1.000496e+00
9.982937e-01
9.976689e-01
9.943013e-01
9.888290e-01
9.730290e-01
9.701728e-01
9.492295e-01
9.429205e-01
9.342412e-01
9.284196e-01
9.068334e-01
9.007615e-01
8.836667e-01
8.538346e-01
8.231643e-01
