fm_matrix_rows:1500; fm_matrix_columns:293;
Singular vector:
4.402612e+00
3.919924e+00
3.609041e+00
3.572596e+00
3.405718e+00
3.315931e+00
3.208833e+00
3.161068e+00
3.124236e+00
3.097542e+00
3.076247e+00
3.012990e+00
2.985106e+00
2.944361e+00
2.926820e+00
2.904915e+00
2.899802e+00
2.886743e+00
2.868182e+00
2.854173e+00
2.840901e+00
2.825787e+00
2.814496e+00
2.812614e+00
2.809053e+00
2.793570e+00
2.784376e+00
2.750921e+00
2.749473e+00
2.726730e+00
2.719715e+00
2.711355e+00
2.692537e+00
2.686687e+00
2.684259e+00
2.669920e+00
2.661836e+00
2.649987e+00
2.638575e+00
2.634084e+00
2.625894e+00
2.614172e+00
2.606210e+00
2.586969e+00
2.574193e+00
2.558884e+00
2.549172e+00
2.530228e+00
2.525321e+00
2.518312e+00
2.507663e+00
2.496947e+00
2.493800e+00
2.483383e+00
2.467210e+00
2.459727e+00
2.447629e+00
2.436884e+00
2.424687e+00
2.417049e+00
2.400309e+00
2.399984e+00
2.381343e+00
2.359168e+00
2.338555e+00
2.329154e+00
2.314442e+00
2.305976e+00
2.301551e+00
2.293132e+00
2.285959e+00
2.280035e+00
2.269415e+00
2.255904e+00
2.246564e+00
2.225711e+00
2.206132e+00
2.195346e+00
2.188220e+00
2.184968e+00
2.152904e+00
2.141530e+00
2.138289e+00
2.130150e+00
2.127344e+00
2.107496e+00
2.104731e+00
2.080167e+00
2.072287e+00
2.055030e+00
2.042687e+00
2.037513e+00
2.016820e+00
1.996641e+00
1.984071e+00
1.975585e+00
1.956994e+00
1.956175e+00
1.946143e+00
1.939330e+00
1.916351e+00
1.909348e+00
1.894764e+00
1.879173e+00
1.871370e+00
1.856761e+00
1.838634e+00
1.831864e+00
1.813796e+00
1.807181e+00
1.782609e+00
1.777092e+00
1.764115e+00
1.749220e+00
1.748262e+00
1.744935e+00
1.716998e+00
1.700788e+00
1.699566e+00
1.686276e+00
1.673824e+00
1.658903e+00
1.656418e+00
1.646693e+00
1.630866e+00
1.616679e+00
1.609344e+00
1.604661e+00
1.596876e+00
1.582822e+00
1.577807e+00
1.562165e+00
1.556202e+00
1.549597e+00
1.532400e+00
1.528719e+00
1.522157e+00
1.510979e+00
1.498398e+00
1.494055e+00
1.485207e+00
1.474567e+00
1.470332e+00
1.456071e+00
1.451256e+00
1.446948e+00
1.440493e+00
1.429885e+00
1.424817e+00
1.416928e+00
1.412373e+00
1.403138e+00
1.395368e+00
1.381743e+00
1.371721e+00
1.362526e+00
1.352255e+00
1.349286e+00
1.347110e+00
1.339897e+00
1.335844e+00
1.325853e+00
1.324459e+00
1.316085e+00
1.307678e+00
1.302129e+00
1.291239e+00
1.282386e+00
1.280408e+00
1.279042e+00
1.265402e+00
1.255787e+00
1.252144e+00
1.250270e+00
1.244933e+00
1.235745e+00
1.233104e+00
1.228443e+00
1.223992e+00
1.214942e+00
1.208042e+00
1.205807e+00
1.201596e+00
1.198862e+00
1.192299e+00
1.183273e+00
1.179786e+00
1.177036e+00
1.175310e+00
1.173618e+00
1.170226e+00
1.165604e+00
1.160510e+00
1.156359e+00
1.155289e+00
1.152236e+00
1.150844e+00
1.143070e+00
1.138045e+00
1.135888e+00
1.134588e+00
1.132061e+00
1.125969e+00
1.122026e+00
1.120496e+00
1.115142e+00
1.112219e+00
1.108986e+00
1.106454e+00
1.105175e+00
1.100953e+00
1.099402e+00
1.097552e+00
1.092983e+00
1.090107e+00
1.086545e+00
1.084852e+00
1.083544e+00
1.080007e+00
1.078497e+00
1.077225e+00
1.073600e+00
1.072400e+00
1.071638e+00
1.068965e+00
1.067727e+00
1.063859e+00
1.061002e+00
1.060536e+00
1.057785e+00
1.056035e+00
1.055330e+00
1.053808e+00
1.051624e+00
1.050209e+00
1.049103e+00
1.046822e+00
1.046372e+00
1.045593e+00
1.043291e+00
1.042871e+00
1.040616e+00
1.040013e+00
1.038270e+00
1.037180e+00
1.035477e+00
1.034710e+00
1.033458e+00
1.032868e+00
1.032223e+00
1.030773e+00
1.030553e+00
1.029736e+00
1.028107e+00
1.027626e+00
1.026874e+00
1.026604e+00
1.025386e+00
1.024650e+00
1.023624e+00
1.023222e+00
1.023003e+00
1.022680e+00
1.021966e+00
1.021332e+00
1.021063e+00
1.020329e+00
1.020004e+00
1.019344e+00
1.019247e+00
1.018922e+00
1.018544e+00
1.018449e+00
1.018124e+00
1.017974e+00
1.017653e+00
1.016767e+00
1.016457e+00
1.014337e+00
1.013241e+00
1.009873e+00
1.007508e+00
1.007370e+00
1.007171e+00
1.002888e+00
1.002166e+00
9.971876e-01
9.947650e-01
9.894182e-01
9.723584e-01
9.642682e-01
9.339994e-01
9.245502e-01
