fm_matrix_rows:1500; fm_matrix_columns:45;
Singular vector:
5.764582e+00
3.436483e+00
3.067936e+00
2.657120e+00
2.257590e+00
1.960803e+00
1.939677e+00
1.480859e+00
1.409170e+00
1.335193e+00
1.215773e+00
1.156248e+00
1.122015e+00
1.081713e+00
1.076111e+00
1.044586e+00
1.030660e+00
1.027799e+00
1.006105e+00
1.003806e+00
1.000106e+00
1.000014e+00
1.000000e+00
1.000000e+00
1.000000e+00
1.000000e+00
1.000000e+00
1.000000e+00
1.000000e+00
1.000000e+00
9.999869e-01
9.982792e-01
9.950456e-01
9.911531e-01
9.859742e-01
9.746478e-01
9.600912e-01
9.415949e-01
9.216628e-01
8.992200e-01
8.904921e-01
8.886229e-01
8.666871e-01
8.426395e-01
7.446602e-01
