fm_matrix_rows:6000; fm_matrix_columns:57;
Singular vector:
3.497270e+00
2.581219e+00
2.336815e+00
1.981849e+00
1.880990e+00
1.810549e+00
1.547421e+00
1.455495e+00
1.375259e+00
1.344326e+00
1.209120e+00
1.124788e+00
1.105426e+00
1.021584e+00
9.509259e-01
9.367939e-01
8.472325e-01
8.331224e-01
7.629492e-01
7.287874e-01
6.896031e-01
6.790407e-01
6.447160e-01
5.882535e-01
5.704784e-01
4.834522e-01
4.678036e-01
4.107951e-01
3.799358e-01
3.479901e-01
3.292863e-01
2.925511e-01
2.289128e-01
2.224290e-01
2.130912e-01
1.780800e-01
1.629378e-01
1.375041e-01
1.272656e-01
1.057423e-01
9.757617e-02
8.726557e-02
6.962634e-02
5.994717e-02
5.323569e-02
4.810565e-02
3.916794e-02
2.737228e-02
1.836549e-02
1.548674e-02
1.507498e-02
1.353918e-02
1.238802e-02
2.569936e-04
1.843780e-04
1.909278e-05
2.976765e-15
