fm_matrix_rows:699; fm_matrix_columns:39;
Singular vector:
2.725163e+00
2.421983e+00
2.094261e+00
1.877547e+00
1.665268e+00
1.521559e+00
1.439462e+00
1.352598e+00
1.246794e+00
1.122495e+00
1.036966e+00
9.707601e-01
8.855831e-01
8.428881e-01
7.318390e-01
6.998786e-01
5.938864e-01
5.222992e-01
4.531125e-01
4.077533e-01
3.558369e-01
2.894717e-01
2.493956e-01
2.337318e-01
1.994164e-01
1.531151e-01
1.369139e-01
1.241071e-01
1.080926e-01
8.195550e-02
6.984382e-02
5.736720e-02
4.885533e-02
3.872067e-02
3.036920e-02
2.314488e-02
1.905368e-02
1.708209e-02
1.991011e-03
