fm_matrix_rows:1500; fm_matrix_columns:440;
Singular vector:
9.311855e+00
5.890763e+00
5.307071e+00
3.898304e+00
3.613538e+00
3.564693e+00
3.455733e+00
3.385128e+00
3.319000e+00
3.237782e+00
3.177499e+00
3.121040e+00
3.080451e+00
3.055944e+00
3.024483e+00
3.012171e+00
2.959395e+00
2.950274e+00
2.940948e+00
2.913825e+00
2.888396e+00
2.881963e+00
2.861710e+00
2.856244e+00
2.843673e+00
2.816873e+00
2.808222e+00
2.803129e+00
2.797068e+00
2.784738e+00
2.774752e+00
2.761811e+00
2.752190e+00
2.723233e+00
2.720793e+00
2.707560e+00
2.690051e+00
2.682876e+00
2.678092e+00
2.675869e+00
2.664395e+00
2.645604e+00
2.638235e+00
2.630519e+00
2.615117e+00
2.611808e+00
2.592600e+00
2.590517e+00
2.575062e+00
2.562756e+00
2.551226e+00
2.529176e+00
2.526720e+00
2.504164e+00
2.497832e+00
2.492184e+00
2.475367e+00
2.472804e+00
2.462881e+00
2.459317e+00
2.448089e+00
2.433854e+00
2.416602e+00
2.402530e+00
2.395946e+00
2.384101e+00
2.378078e+00
2.360370e+00
2.339205e+00
2.331801e+00
2.310726e+00
2.308318e+00
2.301331e+00
2.282200e+00
2.281261e+00
2.273823e+00
2.269048e+00
2.256189e+00
2.240642e+00
2.223906e+00
2.208436e+00
2.202827e+00
2.186460e+00
2.181726e+00
2.169755e+00
2.156556e+00
2.150341e+00
2.132135e+00
2.123697e+00
2.110033e+00
2.108068e+00
2.098408e+00
2.090678e+00
2.072043e+00
2.049570e+00
2.041494e+00
2.039409e+00
2.023121e+00
1.996003e+00
1.991078e+00
1.987007e+00
1.964572e+00
1.962937e+00
1.941012e+00
1.928873e+00
1.916150e+00
1.915238e+00
1.896965e+00
1.890655e+00
1.877140e+00
1.872357e+00
1.864441e+00
1.844670e+00
1.832551e+00
1.829086e+00
1.825292e+00
1.794029e+00
1.782166e+00
1.775996e+00
1.760157e+00
1.758778e+00
1.755433e+00
1.734938e+00
1.729447e+00
1.722235e+00
1.713313e+00
1.707401e+00
1.692358e+00
1.686833e+00
1.680741e+00
1.664570e+00
1.655985e+00
1.652838e+00
1.638402e+00
1.631838e+00
1.620290e+00
1.611027e+00
1.598091e+00
1.596652e+00
1.595261e+00
1.578605e+00
1.575571e+00
1.573353e+00
1.560182e+00
1.541986e+00
1.536716e+00
1.533505e+00
1.529624e+00
1.518961e+00
1.513333e+00
1.506939e+00
1.498860e+00
1.485831e+00
1.481259e+00
1.475758e+00
1.469209e+00
1.465561e+00
1.459045e+00
1.448099e+00
1.444998e+00
1.436434e+00
1.432783e+00
1.423781e+00
1.415351e+00
1.410897e+00
1.404526e+00
1.401078e+00
1.394465e+00
1.390443e+00
1.380208e+00
1.375706e+00
1.365218e+00
1.362881e+00
1.360773e+00
1.352322e+00
1.348459e+00
1.342090e+00
1.341010e+00
1.337469e+00
1.331840e+00
1.324415e+00
1.319765e+00
1.314695e+00
1.309215e+00
1.305743e+00
1.302776e+00
1.292405e+00
1.285717e+00
1.279417e+00
1.276896e+00
1.269030e+00
1.267627e+00
1.264353e+00
1.261226e+00
1.258139e+00
1.256332e+00
1.249053e+00
1.245892e+00
1.239659e+00
1.234062e+00
1.231053e+00
1.226620e+00
1.224998e+00
1.218119e+00
1.212727e+00
1.212323e+00
1.210393e+00
1.205395e+00
1.201767e+00
1.198411e+00
1.194665e+00
1.192115e+00
1.189602e+00
1.183553e+00
1.180675e+00
1.178003e+00
1.177366e+00
1.175580e+00
1.172977e+00
1.170026e+00
1.168943e+00
1.164504e+00
1.159601e+00
1.158468e+00
1.153207e+00
1.151133e+00
1.150098e+00
1.146835e+00
1.145711e+00
1.141948e+00
1.140514e+00
1.137428e+00
1.137357e+00
1.131132e+00
1.128378e+00
1.127757e+00
1.125677e+00
1.123159e+00
1.121415e+00
1.118379e+00
1.117416e+00
1.115303e+00
1.112668e+00
1.112334e+00
1.109811e+00
1.107673e+00
1.106265e+00
1.104926e+00
1.102291e+00
1.099236e+00
1.098330e+00
1.096724e+00
1.096064e+00
1.093231e+00
1.091652e+00
1.090590e+00
1.088954e+00
1.086526e+00
1.084308e+00
1.082338e+00
1.081656e+00
1.081392e+00
1.079062e+00
1.077766e+00
1.077040e+00
1.076026e+00
1.074194e+00
1.073791e+00
1.071904e+00
1.069984e+00
1.069615e+00
1.068398e+00
1.065754e+00
1.065283e+00
1.064496e+00
1.063105e+00
1.061269e+00
1.060147e+00
1.059088e+00
1.058389e+00
1.057354e+00
1.055777e+00
1.054629e+00
1.053561e+00
1.052276e+00
1.051497e+00
1.051431e+00
1.050175e+00
1.049493e+00
1.048060e+00
1.047280e+00
1.046940e+00
1.046518e+00
1.046155e+00
1.045198e+00
1.043520e+00
1.042905e+00
1.042224e+00
1.041869e+00
1.041019e+00
1.040908e+00
1.039193e+00
1.038288e+00
1.037775e+00
1.037642e+00
1.037056e+00
1.036410e+00
1.035466e+00
1.035277e+00
1.034644e+00
1.033910e+00
1.033515e+00
1.033260e+00
1.032619e+00
1.032160e+00
1.031995e+00
1.030498e+00
1.030199e+00
1.029727e+00
1.028451e+00
1.027674e+00
1.027436e+00
1.027308e+00
1.026948e+00
1.026204e+00
1.025822e+00
1.025509e+00
1.025007e+00
1.024038e+00
1.024015e+00
1.023378e+00
1.023053e+00
1.022665e+00
1.022404e+00
1.021914e+00
1.021836e+00
1.021165e+00
1.020857e+00
1.020318e+00
1.019628e+00
1.019567e+00
1.019314e+00
1.018938e+00
1.018838e+00
1.018553e+00
1.018300e+00
1.018088e+00
1.017920e+00
1.017477e+00
1.017275e+00
1.016884e+00
1.016589e+00
1.015764e+00
1.015564e+00
1.014901e+00
1.014675e+00
1.014377e+00
1.014205e+00
1.013823e+00
1.012840e+00
1.012736e+00
1.011868e+00
1.011456e+00
1.011332e+00
1.010156e+00
1.009781e+00
1.009382e+00
1.009222e+00
1.008142e+00
1.007660e+00
1.006933e+00
1.006294e+00
1.005640e+00
1.004609e+00
1.003695e+00
1.003476e+00
1.003202e+00
1.002606e+00
1.002165e+00
1.001559e+00
1.001336e+00
1.000998e+00
1.000439e+00
1.000238e+00
1.000000e+00
1.000000e+00
1.000000e+00
1.000000e+00
1.000000e+00
1.000000e+00
1.000000e+00
1.000000e+00
1.000000e+00
1.000000e+00
1.000000e+00
1.000000e+00
1.000000e+00
1.000000e+00
1.000000e+00
1.000000e+00
9.997223e-01
9.996399e-01
9.992298e-01
9.986250e-01
9.976368e-01
9.974878e-01
9.970413e-01
9.964549e-01
9.962936e-01
9.958972e-01
9.956213e-01
9.940012e-01
9.936469e-01
9.911986e-01
9.910240e-01
9.889895e-01
9.886522e-01
9.883239e-01
9.843451e-01
9.825545e-01
9.798048e-01
9.771901e-01
9.672812e-01
9.643941e-01
9.591627e-01
9.583329e-01
9.426454e-01
9.348447e-01
9.278610e-01
9.178913e-01
9.162549e-01
9.078726e-01
8.939265e-01
8.925211e-01
8.745532e-01
8.616695e-01
8.459107e-01
7.826636e-01
7.571974e-01
5.552910e-01
