fm_matrix_rows:1500; fm_matrix_columns:122;
Singular vector:
5.683925e+00
4.306609e+00
3.759450e+00
3.049022e+00
2.953834e+00
2.835066e+00
2.754286e+00
2.663541e+00
2.606928e+00
2.563438e+00
2.517492e+00
2.452508e+00
2.421446e+00
2.390582e+00
2.353258e+00
2.305386e+00
2.232552e+00
2.200612e+00
2.185091e+00
2.180240e+00
2.146795e+00
2.120999e+00
2.110967e+00
2.095015e+00
2.043222e+00
2.007400e+00
1.961851e+00
1.886524e+00
1.872660e+00
1.857698e+00
1.822753e+00
1.799586e+00
1.764494e+00
1.756181e+00
1.693892e+00
1.690159e+00
1.656972e+00
1.615035e+00
1.609441e+00
1.592034e+00
1.573534e+00
1.569986e+00
1.552099e+00
1.537749e+00
1.500986e+00
1.480905e+00
1.463201e+00
1.457892e+00
1.429854e+00
1.396594e+00
1.385337e+00
1.375174e+00
1.360784e+00
1.336552e+00
1.326004e+00
1.314187e+00
1.287707e+00
1.280735e+00
1.259882e+00
1.257605e+00
1.237910e+00
1.224730e+00
1.217690e+00
1.199162e+00
1.194261e+00
1.174560e+00
1.157930e+00
1.142757e+00
1.131196e+00
1.113234e+00
1.111921e+00
1.108931e+00
1.098506e+00
1.089225e+00
1.086111e+00
1.081752e+00
1.070507e+00
1.059496e+00
1.055470e+00
1.048770e+00
1.047103e+00
1.044457e+00
1.041417e+00
1.032471e+00
1.031573e+00
1.023811e+00
1.019834e+00
1.017782e+00
1.003564e+00
1.000073e+00
1.000000e+00
1.000000e+00
1.000000e+00
1.000000e+00
1.000000e+00
1.000000e+00
1.000000e+00
1.000000e+00
1.000000e+00
1.000000e+00
1.000000e+00
9.937549e-01
9.621948e-01
9.406150e-01
9.308260e-01
9.281234e-01
9.212176e-01
9.173316e-01
9.164948e-01
9.115649e-01
9.049355e-01
8.992179e-01
8.953274e-01
8.922573e-01
8.782816e-01
8.762480e-01
8.521060e-01
8.399282e-01
8.302800e-01
8.163806e-01
8.046930e-01
7.746294e-01
