fm_matrix_rows:1500; fm_matrix_columns:299;
Singular vector:
5.316404e+00
3.877853e+00
3.590236e+00
3.542122e+00
3.389858e+00
3.332128e+00
3.220724e+00
3.158288e+00
3.100401e+00
3.077293e+00
3.042594e+00
3.012337e+00
2.976074e+00
2.934208e+00
2.919015e+00
2.908813e+00
2.886321e+00
2.880302e+00
2.865040e+00
2.848190e+00
2.834412e+00
2.821442e+00
2.806483e+00
2.802719e+00
2.800104e+00
2.780691e+00
2.775415e+00
2.744267e+00
2.742419e+00
2.738811e+00
2.715838e+00
2.708151e+00
2.691536e+00
2.677555e+00
2.671980e+00
2.667876e+00
2.658856e+00
2.650788e+00
2.640226e+00
2.631239e+00
2.621441e+00
2.606050e+00
2.594241e+00
2.585814e+00
2.568235e+00
2.550614e+00
2.542624e+00
2.528401e+00
2.523586e+00
2.513332e+00
2.501073e+00
2.492409e+00
2.484916e+00
2.472348e+00
2.459379e+00
2.450336e+00
2.447504e+00
2.426345e+00
2.415336e+00
2.402371e+00
2.389196e+00
2.386360e+00
2.372467e+00
2.349304e+00
2.332009e+00
2.322845e+00
2.305073e+00
2.301133e+00
2.291889e+00
2.278941e+00
2.274438e+00
2.268938e+00
2.257721e+00
2.249293e+00
2.230793e+00
2.219592e+00
2.202031e+00
2.193488e+00
2.177286e+00
2.168396e+00
2.143370e+00
2.134272e+00
2.130804e+00
2.121783e+00
2.115449e+00
2.099112e+00
2.093312e+00
2.068431e+00
2.062007e+00
2.035537e+00
2.032096e+00
2.025091e+00
2.008677e+00
1.984014e+00
1.978237e+00
1.967578e+00
1.952818e+00
1.949314e+00
1.927701e+00
1.918430e+00
1.909101e+00
1.898390e+00
1.886829e+00
1.867494e+00
1.863499e+00
1.848899e+00
1.837788e+00
1.824423e+00
1.813827e+00
1.804048e+00
1.785383e+00
1.776038e+00
1.763716e+00
1.752092e+00
1.743791e+00
1.734908e+00
1.728456e+00
1.717900e+00
1.710529e+00
1.692689e+00
1.681896e+00
1.670988e+00
1.663382e+00
1.652223e+00
1.645342e+00
1.642862e+00
1.622543e+00
1.605869e+00
1.594742e+00
1.589662e+00
1.585134e+00
1.575398e+00
1.569176e+00
1.557015e+00
1.547499e+00
1.528739e+00
1.525901e+00
1.521114e+00
1.505880e+00
1.496763e+00
1.491666e+00
1.482011e+00
1.470966e+00
1.465140e+00
1.453857e+00
1.447380e+00
1.441865e+00
1.441125e+00
1.424719e+00
1.421571e+00
1.416545e+00
1.408989e+00
1.398199e+00
1.390696e+00
1.380019e+00
1.375163e+00
1.368957e+00
1.355741e+00
1.352223e+00
1.346789e+00
1.344729e+00
1.337049e+00
1.335468e+00
1.326812e+00
1.323253e+00
1.312559e+00
1.306151e+00
1.299555e+00
1.289312e+00
1.285533e+00
1.278268e+00
1.274371e+00
1.259690e+00
1.254451e+00
1.252644e+00
1.250373e+00
1.248661e+00
1.235833e+00
1.231035e+00
1.227960e+00
1.223995e+00
1.220500e+00
1.211784e+00
1.205358e+00
1.203129e+00
1.198979e+00
1.194219e+00
1.183222e+00
1.180012e+00
1.175402e+00
1.173034e+00
1.171260e+00
1.169247e+00
1.165559e+00
1.159808e+00
1.157607e+00
1.153620e+00
1.151833e+00
1.149327e+00
1.145960e+00
1.142068e+00
1.136878e+00
1.133203e+00
1.129975e+00
1.124287e+00
1.120793e+00
1.118708e+00
1.115098e+00
1.112269e+00
1.107285e+00
1.105483e+00
1.104696e+00
1.102041e+00
1.100094e+00
1.097779e+00
1.093186e+00
1.090053e+00
1.086461e+00
1.084339e+00
1.083130e+00
1.080037e+00
1.078335e+00
1.077764e+00
1.074308e+00
1.072434e+00
1.071436e+00
1.070375e+00
1.068015e+00
1.066097e+00
1.061646e+00
1.060749e+00
1.057587e+00
1.057440e+00
1.055194e+00
1.053685e+00
1.051531e+00
1.051056e+00
1.049336e+00
1.048428e+00
1.046543e+00
1.046021e+00
1.044468e+00
1.042859e+00
1.041224e+00
1.040180e+00
1.038100e+00
1.037620e+00
1.035845e+00
1.034785e+00
1.033444e+00
1.033326e+00
1.032126e+00
1.031143e+00
1.030165e+00
1.029780e+00
1.028158e+00
1.027714e+00
1.026647e+00
1.026561e+00
1.025263e+00
1.025072e+00
1.023616e+00
1.023355e+00
1.023248e+00
1.022983e+00
1.022569e+00
1.021751e+00
1.021444e+00
1.020638e+00
1.019929e+00
1.019827e+00
1.019228e+00
1.019127e+00
1.018903e+00
1.018416e+00
1.018076e+00
1.017958e+00
1.017748e+00
1.017412e+00
1.016648e+00
1.016190e+00
1.014432e+00
1.012041e+00
1.008384e+00
1.007366e+00
1.007280e+00
1.005953e+00
1.005822e+00
1.001638e+00
9.998918e-01
9.953435e-01
9.949892e-01
9.893099e-01
9.738393e-01
9.568249e-01
9.328905e-01
9.241750e-01
9.106030e-01
8.475564e-01
